<?xml version="1.0" encoding="UTF-8"?>
<robot generator="Robot 6.0.2 (Python 3.11.3 on win32)" generated="20230615 19:48:21.469" rpa="false" schemaversion="3">
<suite id="s1" name="Usandologs" source="c:\ProjetosRobotFramework\Estruturas\usandologs.robot">
<test id="s1-t1" name="Caso de teste exemplo 01" line="12">
<kw name="Usando LOG para mensagens">
<kw name="Log" library="BuiltIn">
<arg>Minha mensagem de LOG</arg>
<doc>Logs the given message with the given level.</doc>
<msg timestamp="20230615 19:48:24.319" level="INFO">Minha mensagem de LOG</msg>
<status status="PASS" starttime="20230615 19:48:24.319" endtime="20230615 19:48:24.335"/>
</kw>
<kw name="Set Variable" library="BuiltIn">
<var>${VAR}</var>
<arg>variável qualquer</arg>
<doc>Returns the given values which can then be assigned to a variables.</doc>
<msg timestamp="20230615 19:48:24.336" level="INFO">${VAR} = variável qualquer</msg>
<status status="PASS" starttime="20230615 19:48:24.335" endtime="20230615 19:48:24.336"/>
</kw>
<kw name="Log" library="BuiltIn">
<arg>Posso logar uma ${VAR} no meio de um log</arg>
<doc>Logs the given message with the given level.</doc>
<msg timestamp="20230615 19:48:24.337" level="INFO">Posso logar uma variável qualquer no meio de um log</msg>
<status status="PASS" starttime="20230615 19:48:24.336" endtime="20230615 19:48:24.357"/>
</kw>
<status status="PASS" starttime="20230615 19:48:24.318" endtime="20230615 19:48:24.357"/>
</kw>
<kw name="Usando LOG Console">
<kw name="Log To Console" library="BuiltIn">
<arg>Posso logar na saída do console</arg>
<doc>Logs the given message to the console.</doc>
<status status="PASS" starttime="20230615 19:48:24.361" endtime="20230615 19:48:24.364"/>
</kw>
<kw name="Log Many" library="BuiltIn">
<arg>Posso logar minha lista completa @{FRUTAS}</arg>
<doc>Logs the given messages as separate entries using the INFO level.</doc>
<msg timestamp="20230615 19:48:24.366" level="INFO">Posso logar minha lista completa ['maça', 'banana', 'uva', 'abacaxi']</msg>
<status status="PASS" starttime="20230615 19:48:24.365" endtime="20230615 19:48:24.366"/>
</kw>
<kw name="Log" library="BuiltIn">
<arg>Posso logar somente itens da minha lista ${FRUTAS[0]} - ${FRUTAS[1]}</arg>
<doc>Logs the given message with the given level.</doc>
<msg timestamp="20230615 19:48:24.368" level="INFO">Posso logar somente itens da minha lista maça - banana</msg>
<status status="PASS" starttime="20230615 19:48:24.367" endtime="20230615 19:48:24.368"/>
</kw>
<status status="PASS" starttime="20230615 19:48:24.359" endtime="20230615 19:48:24.369"/>
</kw>
<kw name="Usando screen shots">
<kw name="Log" library="BuiltIn">
<arg>Nos testes web, podemos logar Screenshot com a SeleniumLibrary</arg>
<doc>Logs the given message with the given level.</doc>
<msg timestamp="20230615 19:48:24.371" level="INFO">Nos testes web, podemos logar Screenshot com a SeleniumLibrary</msg>
<status status="PASS" starttime="20230615 19:48:24.370" endtime="20230615 19:48:24.371"/>
</kw>
<kw name="Open Browser" library="SeleniumLibrary">
<arg>http://www.robotizandotestes.blogspot.com.br</arg>
<arg>chrome</arg>
<doc>Opens a new browser instance to the optional ``url``.</doc>
<msg timestamp="20230615 19:48:24.372" level="INFO">Opening browser 'chrome' to base url 'http://www.robotizandotestes.blogspot.com.br'.</msg>
<status status="PASS" starttime="20230615 19:48:24.371" endtime="20230615 19:48:34.894"/>
</kw>
<kw name="Capture Page Screenshot" library="SeleniumLibrary">
<arg>nome_do_meuscreenshot.png</arg>
<doc>Takes a screenshot of the current page and embeds it into a log file.</doc>
<msg timestamp="20230615 19:48:35.004" level="INFO" html="true">&lt;/td&gt;&lt;/tr&gt;&lt;tr&gt;&lt;td colspan="3"&gt;&lt;a href="nome_do_meuscreenshot.png"&gt;&lt;img src="nome_do_meuscreenshot.png" width="800px"&gt;&lt;/a&gt;</msg>
<status status="PASS" starttime="20230615 19:48:34.895" endtime="20230615 19:48:35.005"/>
</kw>
<kw name="Close Browser" library="SeleniumLibrary">
<doc>Closes the current browser.</doc>
<status status="PASS" starttime="20230615 19:48:35.005" endtime="20230615 19:48:37.273"/>
</kw>
<status status="PASS" starttime="20230615 19:48:24.369" endtime="20230615 19:48:37.274"/>
</kw>
<status status="PASS" starttime="20230615 19:48:24.318" endtime="20230615 19:48:37.275"/>
</test>
<doc>Suíte de exmeplo didático para exemplificar o uso de LOGs nos testes
Os LOGs são de grande utilidade, faça LOGs para analisar como seu teste está sendo executado nas entrelinhas
Os LOGs te ajudam a achar falhas na automação dos seus testes
Use LOGs sem moderação!!</doc>
<status status="PASS" starttime="20230615 19:48:21.519" endtime="20230615 19:48:37.278"/>
</suite>
<statistics>
<total>
<stat pass="1" fail="0" skip="0">All Tests</stat>
</total>
<tag>
</tag>
<suite>
<stat pass="1" fail="0" skip="0" id="s1" name="Usandologs">Usandologs</stat>
</suite>
</statistics>
<errors>
</errors>
</robot>
