<?xml version="1.0" encoding="UTF-8"?>
<robot generator="Robot 6.0.2 (Python 3.11.3 on win32)" generated="20230620 19:00:05.853" rpa="false" schemaversion="3">
<suite id="s1" name="Tests" source="C:\ProjetosRobotFramework\ApiTesting\tests">
<suite id="s1-s1" name="Api Testing Usuarios" source="C:\ProjetosRobotFramework\ApiTesting\tests\api_testing_usuarios.robot">
<test id="s1-s1-t1" name="Cenário 01 Cadastrar um novo usuário com sucesso na ServeRest" line="8">
<kw name="Criar um usuário novo" library="api_testing_usuarios">
<kw name="Generate Random String" library="String">
<var>${palava_aleatoria}</var>
<arg>length=4</arg>
<arg>chars=[LETTERS]</arg>
<doc>Generates a string with a desired ``length`` from the given ``chars``.</doc>
<msg timestamp="20230620 19:00:06.025" level="INFO">${palava_aleatoria} = znoy</msg>
<status status="PASS" starttime="20230620 19:00:06.025" endtime="20230620 19:00:06.025"/>
</kw>
<kw name="Convert To Lower Case" library="String">
<var>${palava_aleatoria}</var>
<arg>${palava_aleatoria}</arg>
<doc>Converts string to lower case.</doc>
<msg timestamp="20230620 19:00:06.025" level="INFO">${palava_aleatoria} = znoy</msg>
<status status="PASS" starttime="20230620 19:00:06.025" endtime="20230620 19:00:06.025"/>
</kw>
<kw name="Set Test Variable" library="BuiltIn">
<arg>${EMAIL_TESTE}</arg>
<arg>${palava_aleatoria}@emailteste.com</arg>
<doc>Makes a variable available everywhere within the scope of the current test.</doc>
<msg timestamp="20230620 19:00:06.026" level="INFO">${EMAIL_TESTE} = znoy@emailteste.com</msg>
<status status="PASS" starttime="20230620 19:00:06.025" endtime="20230620 19:00:06.026"/>
</kw>
<kw name="Log" library="BuiltIn">
<arg>${EMAIL_TESTE}</arg>
<doc>Logs the given message with the given level.</doc>
<msg timestamp="20230620 19:00:06.027" level="INFO">znoy@emailteste.com</msg>
<status status="PASS" starttime="20230620 19:00:06.026" endtime="20230620 19:00:06.027"/>
</kw>
<status status="PASS" starttime="20230620 19:00:06.024" endtime="20230620 19:00:06.027"/>
</kw>
<kw name="Cadastrar o usuário criado na ServeRest" library="api_testing_usuarios">
<arg>email=${EMAIL_TESTE}</arg>
<arg>status_code_desejado=201</arg>
<kw name="Create Dictionary" library="BuiltIn">
<var>${body}</var>
<arg>nome=Visconde da Silva</arg>
<arg>email=${email}</arg>
<arg>password=1234</arg>
<arg>administrador=true</arg>
<doc>Creates and returns a dictionary based on the given ``items``.</doc>
<msg timestamp="20230620 19:00:06.028" level="INFO">${body} = {'nome': 'Visconde da Silva', 'email': 'znoy@emailteste.com', 'password': '1234', 'administrador': 'true'}</msg>
<status status="PASS" starttime="20230620 19:00:06.027" endtime="20230620 19:00:06.028"/>
</kw>
<kw name="Log" library="BuiltIn">
<arg>${body}</arg>
<doc>Logs the given message with the given level.</doc>
<msg timestamp="20230620 19:00:06.028" level="INFO">{'nome': 'Visconde da Silva', 'email': 'znoy@emailteste.com', 'password': '1234', 'administrador': 'true'}</msg>
<status status="PASS" starttime="20230620 19:00:06.028" endtime="20230620 19:00:06.029"/>
</kw>
<kw name="Criar sessão na ServeRest" library="api_testing_usuarios">
<kw name="Create Dictionary" library="BuiltIn">
<var>${headers}</var>
<arg>accept=application/json</arg>
<arg>Content-Type=application/json</arg>
<doc>Creates and returns a dictionary based on the given ``items``.</doc>
<msg timestamp="20230620 19:00:06.029" level="INFO">${headers} = {'accept': 'application/json', 'Content-Type': 'application/json'}</msg>
<status status="PASS" starttime="20230620 19:00:06.029" endtime="20230620 19:00:06.029"/>
</kw>
<kw name="Create Session" library="RequestsLibrary">
<arg>alias=ServeRest</arg>
<arg>url=https://serverest.dev</arg>
<arg>headers=${headers}</arg>
<doc>Create Session: create a HTTP session to a server</doc>
<msg timestamp="20230620 19:00:06.030" level="INFO">Creating Session using : alias=ServeRest, url=https://serverest.dev, headers={'accept': 'application/json', 'Content-Type': 'application/json'},                     cookies={}, auth=None, timeout=None, proxies=None, verify=False,                     debug=0 </msg>
<status status="PASS" starttime="20230620 19:00:06.029" endtime="20230620 19:00:06.030"/>
</kw>
<status status="PASS" starttime="20230620 19:00:06.029" endtime="20230620 19:00:06.030"/>
</kw>
<kw name="POST On Session" library="RequestsLibrary">
<var>${resposta}</var>
<arg>alias=ServeRest</arg>
<arg>url=/usuarios</arg>
<arg>json=${body}</arg>
<arg>expected_status=${status_code_desejado}</arg>
<doc>Sends a POST request on a previously created HTTP Session.</doc>
<msg timestamp="20230620 19:00:06.470" level="INFO">POST Request : url=https://serverest.dev/usuarios 
 path_url=/usuarios 
 headers={'User-Agent': 'python-requests/2.31.0', 'Accept-Encoding': 'gzip, deflate', 'accept': 'application/json', 'Connection': 'keep-alive', 'Content-Type': 'application/json', 'Content-Length': '106'} 
 body=b'{"nome": "Visconde da Silva", "email": "znoy@emailteste.com", "password": "1234", "administrador": "true"}' 
 </msg>
<msg timestamp="20230620 19:00:06.470" level="INFO">POST Response : url=https://serverest.dev/usuarios 
 status=201, reason=Created 
 headers={'access-control-allow-origin': '*', 'x-dns-prefetch-control': 'off', 'x-frame-options': 'SAMEORIGIN', 'strict-transport-security': 'max-age=15552000; includeSubDomains', 'x-download-options': 'noopen', 'x-content-type-options': 'nosniff', 'x-xss-protection': '1; mode=block', 'x-moesif-transaction-id': '83ccb98d-8879-4d3b-b6ce-849fc254d5de', 'content-type': 'application/json; charset=utf-8', 'X-Cloud-Trace-Context': '302d4a5fd7e1f2ba8b99733e29157cb4;o=1', 'Date': 'Tue, 20 Jun 2023 22:00:06 GMT', 'Server': 'Google Frontend', 'Content-Length': '82'} 
 body={
    "message": "Cadastro realizado com sucesso",
    "_id": "6fvfjaU8vtlwo4m7"
} 
 </msg>
<msg timestamp="20230620 19:00:06.470" level="INFO">C:\Users\Vicente\AppData\Local\Programs\Python\Python311\Lib\site-packages\urllib3\connectionpool.py:1095: InsecureRequestWarning: Unverified HTTPS request is being made to host 'serverest.dev'. Adding certificate verification is strongly advised. See: https://urllib3.readthedocs.io/en/latest/advanced-usage.html#tls-warnings
  warnings.warn(</msg>
<msg timestamp="20230620 19:00:06.470" level="INFO">${resposta} = &lt;Response [201]&gt;</msg>
<status status="PASS" starttime="20230620 19:00:06.030" endtime="20230620 19:00:06.471"/>
</kw>
<kw name="Log" library="BuiltIn">
<arg>${resposta.json()}</arg>
<doc>Logs the given message with the given level.</doc>
<msg timestamp="20230620 19:00:06.471" level="INFO">{'message': 'Cadastro realizado com sucesso', '_id': '6fvfjaU8vtlwo4m7'}</msg>
<status status="PASS" starttime="20230620 19:00:06.471" endtime="20230620 19:00:06.471"/>
</kw>
<if>
<branch type="IF" condition="${resposta.status_code}==201">
<kw name="Set Test Variable" library="BuiltIn">
<arg>${ID_USUARIO}</arg>
<arg>${resposta.json()["_id"]}</arg>
<doc>Makes a variable available everywhere within the scope of the current test.</doc>
<msg timestamp="20230620 19:00:06.473" level="INFO">${ID_USUARIO} = 6fvfjaU8vtlwo4m7</msg>
<status status="PASS" starttime="20230620 19:00:06.472" endtime="20230620 19:00:06.473"/>
</kw>
<status status="PASS" starttime="20230620 19:00:06.471" endtime="20230620 19:00:06.473"/>
</branch>
<status status="PASS" starttime="20230620 19:00:06.471" endtime="20230620 19:00:06.473"/>
</if>
<kw name="Set Test Variable" library="BuiltIn">
<arg>${RESPOSTA}</arg>
<arg>${resposta.json()}</arg>
<doc>Makes a variable available everywhere within the scope of the current test.</doc>
<msg timestamp="20230620 19:00:06.474" level="INFO">${RESPOSTA} = {'message': 'Cadastro realizado com sucesso', '_id': '6fvfjaU8vtlwo4m7'}</msg>
<status status="PASS" starttime="20230620 19:00:06.473" endtime="20230620 19:00:06.474"/>
</kw>
<status status="PASS" starttime="20230620 19:00:06.027" endtime="20230620 19:00:06.474"/>
</kw>
<kw name="Conferir se o usuário foi cadastrado corretamente" library="api_testing_usuarios">
<kw name="Log" library="BuiltIn">
<arg>${RESPOSTA}</arg>
<doc>Logs the given message with the given level.</doc>
<msg timestamp="20230620 19:00:06.475" level="INFO">{'message': 'Cadastro realizado com sucesso', '_id': '6fvfjaU8vtlwo4m7'}</msg>
<status status="PASS" starttime="20230620 19:00:06.475" endtime="20230620 19:00:06.475"/>
</kw>
<kw name="Dictionary Should Contain Item" library="Collections">
<arg>${RESPOSTA}</arg>
<arg>message</arg>
<arg>Cadastro realizado com sucesso</arg>
<doc>An item of ``key`` / ``value`` must be found in a ``dictionary``.</doc>
<status status="PASS" starttime="20230620 19:00:06.475" endtime="20230620 19:00:06.475"/>
</kw>
<kw name="Dictionary Should Contain Key" library="Collections">
<arg>${RESPOSTA}</arg>
<arg>_id</arg>
<doc>Fails if ``key`` is not found from ``dictionary``.</doc>
<status status="PASS" starttime="20230620 19:00:06.475" endtime="20230620 19:00:06.476"/>
</kw>
<status status="PASS" starttime="20230620 19:00:06.475" endtime="20230620 19:00:06.476"/>
</kw>
<status status="PASS" starttime="20230620 19:00:06.023" endtime="20230620 19:00:06.476"/>
</test>
<test id="s1-s1-t2" name="Cenário 02 Cadastrar um usuário já existente na ServeRest" line="13">
<kw name="Criar um usuário novo" library="api_testing_usuarios">
<kw name="Generate Random String" library="String">
<var>${palava_aleatoria}</var>
<arg>length=4</arg>
<arg>chars=[LETTERS]</arg>
<doc>Generates a string with a desired ``length`` from the given ``chars``.</doc>
<msg timestamp="20230620 19:00:06.486" level="INFO">${palava_aleatoria} = zliB</msg>
<status status="PASS" starttime="20230620 19:00:06.483" endtime="20230620 19:00:06.486"/>
</kw>
<kw name="Convert To Lower Case" library="String">
<var>${palava_aleatoria}</var>
<arg>${palava_aleatoria}</arg>
<doc>Converts string to lower case.</doc>
<msg timestamp="20230620 19:00:06.487" level="INFO">${palava_aleatoria} = zlib</msg>
<status status="PASS" starttime="20230620 19:00:06.486" endtime="20230620 19:00:06.487"/>
</kw>
<kw name="Set Test Variable" library="BuiltIn">
<arg>${EMAIL_TESTE}</arg>
<arg>${palava_aleatoria}@emailteste.com</arg>
<doc>Makes a variable available everywhere within the scope of the current test.</doc>
<msg timestamp="20230620 19:00:06.488" level="INFO">${EMAIL_TESTE} = zlib@emailteste.com</msg>
<status status="PASS" starttime="20230620 19:00:06.487" endtime="20230620 19:00:06.489"/>
</kw>
<kw name="Log" library="BuiltIn">
<arg>${EMAIL_TESTE}</arg>
<doc>Logs the given message with the given level.</doc>
<msg timestamp="20230620 19:00:06.489" level="INFO">zlib@emailteste.com</msg>
<status status="PASS" starttime="20230620 19:00:06.489" endtime="20230620 19:00:06.489"/>
</kw>
<status status="PASS" starttime="20230620 19:00:06.481" endtime="20230620 19:00:06.489"/>
</kw>
<kw name="Cadastrar o usuário criado na ServeRest" library="api_testing_usuarios">
<arg>email=${EMAIL_TESTE}</arg>
<arg>status_code_desejado=201</arg>
<kw name="Create Dictionary" library="BuiltIn">
<var>${body}</var>
<arg>nome=Visconde da Silva</arg>
<arg>email=${email}</arg>
<arg>password=1234</arg>
<arg>administrador=true</arg>
<doc>Creates and returns a dictionary based on the given ``items``.</doc>
<msg timestamp="20230620 19:00:06.491" level="INFO">${body} = {'nome': 'Visconde da Silva', 'email': 'zlib@emailteste.com', 'password': '1234', 'administrador': 'true'}</msg>
<status status="PASS" starttime="20230620 19:00:06.490" endtime="20230620 19:00:06.491"/>
</kw>
<kw name="Log" library="BuiltIn">
<arg>${body}</arg>
<doc>Logs the given message with the given level.</doc>
<msg timestamp="20230620 19:00:06.492" level="INFO">{'nome': 'Visconde da Silva', 'email': 'zlib@emailteste.com', 'password': '1234', 'administrador': 'true'}</msg>
<status status="PASS" starttime="20230620 19:00:06.492" endtime="20230620 19:00:06.492"/>
</kw>
<kw name="Criar sessão na ServeRest" library="api_testing_usuarios">
<kw name="Create Dictionary" library="BuiltIn">
<var>${headers}</var>
<arg>accept=application/json</arg>
<arg>Content-Type=application/json</arg>
<doc>Creates and returns a dictionary based on the given ``items``.</doc>
<msg timestamp="20230620 19:00:06.493" level="INFO">${headers} = {'accept': 'application/json', 'Content-Type': 'application/json'}</msg>
<status status="PASS" starttime="20230620 19:00:06.492" endtime="20230620 19:00:06.493"/>
</kw>
<kw name="Create Session" library="RequestsLibrary">
<arg>alias=ServeRest</arg>
<arg>url=https://serverest.dev</arg>
<arg>headers=${headers}</arg>
<doc>Create Session: create a HTTP session to a server</doc>
<msg timestamp="20230620 19:00:06.494" level="INFO">Creating Session using : alias=ServeRest, url=https://serverest.dev, headers={'accept': 'application/json', 'Content-Type': 'application/json'},                     cookies={}, auth=None, timeout=None, proxies=None, verify=False,                     debug=0 </msg>
<status status="PASS" starttime="20230620 19:00:06.493" endtime="20230620 19:00:06.494"/>
</kw>
<status status="PASS" starttime="20230620 19:00:06.492" endtime="20230620 19:00:06.494"/>
</kw>
<kw name="POST On Session" library="RequestsLibrary">
<var>${resposta}</var>
<arg>alias=ServeRest</arg>
<arg>url=/usuarios</arg>
<arg>json=${body}</arg>
<arg>expected_status=${status_code_desejado}</arg>
<doc>Sends a POST request on a previously created HTTP Session.</doc>
<msg timestamp="20230620 19:00:06.933" level="INFO">POST Request : url=https://serverest.dev/usuarios 
 path_url=/usuarios 
 headers={'User-Agent': 'python-requests/2.31.0', 'Accept-Encoding': 'gzip, deflate', 'accept': 'application/json', 'Connection': 'keep-alive', 'Content-Type': 'application/json', 'Content-Length': '106'} 
 body=b'{"nome": "Visconde da Silva", "email": "zlib@emailteste.com", "password": "1234", "administrador": "true"}' 
 </msg>
<msg timestamp="20230620 19:00:06.934" level="INFO">POST Response : url=https://serverest.dev/usuarios 
 status=201, reason=Created 
 headers={'access-control-allow-origin': '*', 'x-dns-prefetch-control': 'off', 'x-frame-options': 'SAMEORIGIN', 'strict-transport-security': 'max-age=15552000; includeSubDomains', 'x-download-options': 'noopen', 'x-content-type-options': 'nosniff', 'x-xss-protection': '1; mode=block', 'x-moesif-transaction-id': '3bc0a9de-864f-45d6-9733-ebc4ad3b69c1', 'content-type': 'application/json; charset=utf-8', 'X-Cloud-Trace-Context': '0b49d6c8224ae0e716bb07adc1298607', 'Date': 'Tue, 20 Jun 2023 22:00:06 GMT', 'Server': 'Google Frontend', 'Content-Length': '82'} 
 body={
    "message": "Cadastro realizado com sucesso",
    "_id": "47x91RSaUwqaUGZe"
} 
 </msg>
<msg timestamp="20230620 19:00:06.935" level="INFO">C:\Users\Vicente\AppData\Local\Programs\Python\Python311\Lib\site-packages\urllib3\connectionpool.py:1095: InsecureRequestWarning: Unverified HTTPS request is being made to host 'serverest.dev'. Adding certificate verification is strongly advised. See: https://urllib3.readthedocs.io/en/latest/advanced-usage.html#tls-warnings
  warnings.warn(</msg>
<msg timestamp="20230620 19:00:06.937" level="INFO">${resposta} = &lt;Response [201]&gt;</msg>
<status status="PASS" starttime="20230620 19:00:06.495" endtime="20230620 19:00:06.937"/>
</kw>
<kw name="Log" library="BuiltIn">
<arg>${resposta.json()}</arg>
<doc>Logs the given message with the given level.</doc>
<msg timestamp="20230620 19:00:06.939" level="INFO">{'message': 'Cadastro realizado com sucesso', '_id': '47x91RSaUwqaUGZe'}</msg>
<status status="PASS" starttime="20230620 19:00:06.938" endtime="20230620 19:00:06.939"/>
</kw>
<if>
<branch type="IF" condition="${resposta.status_code}==201">
<kw name="Set Test Variable" library="BuiltIn">
<arg>${ID_USUARIO}</arg>
<arg>${resposta.json()["_id"]}</arg>
<doc>Makes a variable available everywhere within the scope of the current test.</doc>
<msg timestamp="20230620 19:00:06.943" level="INFO">${ID_USUARIO} = 47x91RSaUwqaUGZe</msg>
<status status="PASS" starttime="20230620 19:00:06.941" endtime="20230620 19:00:06.944"/>
</kw>
<status status="PASS" starttime="20230620 19:00:06.940" endtime="20230620 19:00:06.944"/>
</branch>
<status status="PASS" starttime="20230620 19:00:06.940" endtime="20230620 19:00:06.944"/>
</if>
<kw name="Set Test Variable" library="BuiltIn">
<arg>${RESPOSTA}</arg>
<arg>${resposta.json()}</arg>
<doc>Makes a variable available everywhere within the scope of the current test.</doc>
<msg timestamp="20230620 19:00:06.948" level="INFO">${RESPOSTA} = {'message': 'Cadastro realizado com sucesso', '_id': '47x91RSaUwqaUGZe'}</msg>
<status status="PASS" starttime="20230620 19:00:06.945" endtime="20230620 19:00:06.949"/>
</kw>
<status status="PASS" starttime="20230620 19:00:06.490" endtime="20230620 19:00:06.950"/>
</kw>
<kw name="Repetir o cadastro do usuário" library="api_testing_usuarios">
<kw name="Cadastrar o usuário criado na ServeRest" library="api_testing_usuarios">
<arg>email=${EMAIL_TESTE}</arg>
<arg>status_code_desejado=400</arg>
<kw name="Create Dictionary" library="BuiltIn">
<var>${body}</var>
<arg>nome=Visconde da Silva</arg>
<arg>email=${email}</arg>
<arg>password=1234</arg>
<arg>administrador=true</arg>
<doc>Creates and returns a dictionary based on the given ``items``.</doc>
<msg timestamp="20230620 19:00:06.954" level="INFO">${body} = {'nome': 'Visconde da Silva', 'email': 'zlib@emailteste.com', 'password': '1234', 'administrador': 'true'}</msg>
<status status="PASS" starttime="20230620 19:00:06.954" endtime="20230620 19:00:06.954"/>
</kw>
<kw name="Log" library="BuiltIn">
<arg>${body}</arg>
<doc>Logs the given message with the given level.</doc>
<msg timestamp="20230620 19:00:06.955" level="INFO">{'nome': 'Visconde da Silva', 'email': 'zlib@emailteste.com', 'password': '1234', 'administrador': 'true'}</msg>
<status status="PASS" starttime="20230620 19:00:06.954" endtime="20230620 19:00:06.955"/>
</kw>
<kw name="Criar sessão na ServeRest" library="api_testing_usuarios">
<kw name="Create Dictionary" library="BuiltIn">
<var>${headers}</var>
<arg>accept=application/json</arg>
<arg>Content-Type=application/json</arg>
<doc>Creates and returns a dictionary based on the given ``items``.</doc>
<msg timestamp="20230620 19:00:06.956" level="INFO">${headers} = {'accept': 'application/json', 'Content-Type': 'application/json'}</msg>
<status status="PASS" starttime="20230620 19:00:06.956" endtime="20230620 19:00:06.956"/>
</kw>
<kw name="Create Session" library="RequestsLibrary">
<arg>alias=ServeRest</arg>
<arg>url=https://serverest.dev</arg>
<arg>headers=${headers}</arg>
<doc>Create Session: create a HTTP session to a server</doc>
<msg timestamp="20230620 19:00:06.957" level="INFO">Creating Session using : alias=ServeRest, url=https://serverest.dev, headers={'accept': 'application/json', 'Content-Type': 'application/json'},                     cookies={}, auth=None, timeout=None, proxies=None, verify=False,                     debug=0 </msg>
<status status="PASS" starttime="20230620 19:00:06.956" endtime="20230620 19:00:06.957"/>
</kw>
<status status="PASS" starttime="20230620 19:00:06.955" endtime="20230620 19:00:06.957"/>
</kw>
<kw name="POST On Session" library="RequestsLibrary">
<var>${resposta}</var>
<arg>alias=ServeRest</arg>
<arg>url=/usuarios</arg>
<arg>json=${body}</arg>
<arg>expected_status=${status_code_desejado}</arg>
<doc>Sends a POST request on a previously created HTTP Session.</doc>
<msg timestamp="20230620 19:00:07.421" level="INFO">POST Request : url=https://serverest.dev/usuarios 
 path_url=/usuarios 
 headers={'User-Agent': 'python-requests/2.31.0', 'Accept-Encoding': 'gzip, deflate', 'accept': 'application/json', 'Connection': 'keep-alive', 'Content-Type': 'application/json', 'Content-Length': '106'} 
 body=b'{"nome": "Visconde da Silva", "email": "zlib@emailteste.com", "password": "1234", "administrador": "true"}' 
 </msg>
<msg timestamp="20230620 19:00:07.421" level="INFO">POST Response : url=https://serverest.dev/usuarios 
 status=400, reason=Bad Request 
 headers={'access-control-allow-origin': '*', 'x-dns-prefetch-control': 'off', 'x-frame-options': 'SAMEORIGIN', 'strict-transport-security': 'max-age=15552000; includeSubDomains', 'x-download-options': 'noopen', 'x-content-type-options': 'nosniff', 'x-xss-protection': '1; mode=block', 'x-moesif-transaction-id': '0e014b91-948e-4d74-bf01-89d55fe77cfb', 'content-type': 'application/json; charset=utf-8', 'X-Cloud-Trace-Context': 'a3ebfba8a7535a44e9c7559ea72eb2ad', 'Date': 'Tue, 20 Jun 2023 22:00:07 GMT', 'Server': 'Google Frontend', 'Content-Length': '53'} 
 body={
    "message": "Este email já está sendo usado"
} 
 </msg>
<msg timestamp="20230620 19:00:07.421" level="INFO">C:\Users\Vicente\AppData\Local\Programs\Python\Python311\Lib\site-packages\urllib3\connectionpool.py:1095: InsecureRequestWarning: Unverified HTTPS request is being made to host 'serverest.dev'. Adding certificate verification is strongly advised. See: https://urllib3.readthedocs.io/en/latest/advanced-usage.html#tls-warnings
  warnings.warn(</msg>
<msg timestamp="20230620 19:00:07.423" level="INFO">${resposta} = &lt;Response [400]&gt;</msg>
<status status="PASS" starttime="20230620 19:00:06.957" endtime="20230620 19:00:07.423"/>
</kw>
<kw name="Log" library="BuiltIn">
<arg>${resposta.json()}</arg>
<doc>Logs the given message with the given level.</doc>
<msg timestamp="20230620 19:00:07.425" level="INFO">{'message': 'Este email já está sendo usado'}</msg>
<status status="PASS" starttime="20230620 19:00:07.423" endtime="20230620 19:00:07.425"/>
</kw>
<if>
<branch type="IF" condition="${resposta.status_code}==201">
<kw name="Set Test Variable" library="BuiltIn">
<arg>${ID_USUARIO}</arg>
<arg>${resposta.json()["_id"]}</arg>
<doc>Makes a variable available everywhere within the scope of the current test.</doc>
<status status="NOT RUN" starttime="20230620 19:00:07.427" endtime="20230620 19:00:07.427"/>
</kw>
<status status="NOT RUN" starttime="20230620 19:00:07.425" endtime="20230620 19:00:07.427"/>
</branch>
<status status="PASS" starttime="20230620 19:00:07.425" endtime="20230620 19:00:07.427"/>
</if>
<kw name="Set Test Variable" library="BuiltIn">
<arg>${RESPOSTA}</arg>
<arg>${resposta.json()}</arg>
<doc>Makes a variable available everywhere within the scope of the current test.</doc>
<msg timestamp="20230620 19:00:07.432" level="INFO">${RESPOSTA} = {'message': 'Este email já está sendo usado'}</msg>
<status status="PASS" starttime="20230620 19:00:07.428" endtime="20230620 19:00:07.432"/>
</kw>
<status status="PASS" starttime="20230620 19:00:06.953" endtime="20230620 19:00:07.433"/>
</kw>
<status status="PASS" starttime="20230620 19:00:06.952" endtime="20230620 19:00:07.433"/>
</kw>
<kw name="Verificar que a API não permite cadastro de usuários iguais" library="api_testing_usuarios">
<kw name="Dictionary Should Contain Item" library="Collections">
<arg>${RESPOSTA}</arg>
<arg>message</arg>
<arg>Este email já está sendo usado</arg>
<doc>An item of ``key`` / ``value`` must be found in a ``dictionary``.</doc>
<status status="PASS" starttime="20230620 19:00:07.434" endtime="20230620 19:00:07.435"/>
</kw>
<status status="PASS" starttime="20230620 19:00:07.434" endtime="20230620 19:00:07.435"/>
</kw>
<status status="PASS" starttime="20230620 19:00:06.479" endtime="20230620 19:00:07.437"/>
</test>
<test id="s1-s1-t3" name="Cenário 03 Consultar os dados de um novo usuário" line="19">
<kw name="Criar um usuário novo" library="api_testing_usuarios">
<kw name="Generate Random String" library="String">
<var>${palava_aleatoria}</var>
<arg>length=4</arg>
<arg>chars=[LETTERS]</arg>
<doc>Generates a string with a desired ``length`` from the given ``chars``.</doc>
<msg timestamp="20230620 19:00:07.440" level="INFO">${palava_aleatoria} = Nuup</msg>
<status status="PASS" starttime="20230620 19:00:07.440" endtime="20230620 19:00:07.440"/>
</kw>
<kw name="Convert To Lower Case" library="String">
<var>${palava_aleatoria}</var>
<arg>${palava_aleatoria}</arg>
<doc>Converts string to lower case.</doc>
<msg timestamp="20230620 19:00:07.441" level="INFO">${palava_aleatoria} = nuup</msg>
<status status="PASS" starttime="20230620 19:00:07.440" endtime="20230620 19:00:07.441"/>
</kw>
<kw name="Set Test Variable" library="BuiltIn">
<arg>${EMAIL_TESTE}</arg>
<arg>${palava_aleatoria}@emailteste.com</arg>
<doc>Makes a variable available everywhere within the scope of the current test.</doc>
<msg timestamp="20230620 19:00:07.443" level="INFO">${EMAIL_TESTE} = nuup@emailteste.com</msg>
<status status="PASS" starttime="20230620 19:00:07.441" endtime="20230620 19:00:07.443"/>
</kw>
<kw name="Log" library="BuiltIn">
<arg>${EMAIL_TESTE}</arg>
<doc>Logs the given message with the given level.</doc>
<msg timestamp="20230620 19:00:07.443" level="INFO">nuup@emailteste.com</msg>
<status status="PASS" starttime="20230620 19:00:07.443" endtime="20230620 19:00:07.443"/>
</kw>
<status status="PASS" starttime="20230620 19:00:07.439" endtime="20230620 19:00:07.443"/>
</kw>
<kw name="Cadastrar o usuário criado na ServeRest" library="api_testing_usuarios">
<arg>email=${EMAIL_TESTE}</arg>
<arg>status_code_desejado=201</arg>
<kw name="Create Dictionary" library="BuiltIn">
<var>${body}</var>
<arg>nome=Visconde da Silva</arg>
<arg>email=${email}</arg>
<arg>password=1234</arg>
<arg>administrador=true</arg>
<doc>Creates and returns a dictionary based on the given ``items``.</doc>
<msg timestamp="20230620 19:00:07.446" level="INFO">${body} = {'nome': 'Visconde da Silva', 'email': 'nuup@emailteste.com', 'password': '1234', 'administrador': 'true'}</msg>
<status status="PASS" starttime="20230620 19:00:07.445" endtime="20230620 19:00:07.446"/>
</kw>
<kw name="Log" library="BuiltIn">
<arg>${body}</arg>
<doc>Logs the given message with the given level.</doc>
<msg timestamp="20230620 19:00:07.447" level="INFO">{'nome': 'Visconde da Silva', 'email': 'nuup@emailteste.com', 'password': '1234', 'administrador': 'true'}</msg>
<status status="PASS" starttime="20230620 19:00:07.447" endtime="20230620 19:00:07.447"/>
</kw>
<kw name="Criar sessão na ServeRest" library="api_testing_usuarios">
<kw name="Create Dictionary" library="BuiltIn">
<var>${headers}</var>
<arg>accept=application/json</arg>
<arg>Content-Type=application/json</arg>
<doc>Creates and returns a dictionary based on the given ``items``.</doc>
<msg timestamp="20230620 19:00:07.449" level="INFO">${headers} = {'accept': 'application/json', 'Content-Type': 'application/json'}</msg>
<status status="PASS" starttime="20230620 19:00:07.448" endtime="20230620 19:00:07.449"/>
</kw>
<kw name="Create Session" library="RequestsLibrary">
<arg>alias=ServeRest</arg>
<arg>url=https://serverest.dev</arg>
<arg>headers=${headers}</arg>
<doc>Create Session: create a HTTP session to a server</doc>
<msg timestamp="20230620 19:00:07.450" level="INFO">Creating Session using : alias=ServeRest, url=https://serverest.dev, headers={'accept': 'application/json', 'Content-Type': 'application/json'},                     cookies={}, auth=None, timeout=None, proxies=None, verify=False,                     debug=0 </msg>
<status status="PASS" starttime="20230620 19:00:07.449" endtime="20230620 19:00:07.450"/>
</kw>
<status status="PASS" starttime="20230620 19:00:07.447" endtime="20230620 19:00:07.450"/>
</kw>
<kw name="POST On Session" library="RequestsLibrary">
<var>${resposta}</var>
<arg>alias=ServeRest</arg>
<arg>url=/usuarios</arg>
<arg>json=${body}</arg>
<arg>expected_status=${status_code_desejado}</arg>
<doc>Sends a POST request on a previously created HTTP Session.</doc>
<msg timestamp="20230620 19:00:07.886" level="INFO">POST Request : url=https://serverest.dev/usuarios 
 path_url=/usuarios 
 headers={'User-Agent': 'python-requests/2.31.0', 'Accept-Encoding': 'gzip, deflate', 'accept': 'application/json', 'Connection': 'keep-alive', 'Content-Type': 'application/json', 'Content-Length': '106'} 
 body=b'{"nome": "Visconde da Silva", "email": "nuup@emailteste.com", "password": "1234", "administrador": "true"}' 
 </msg>
<msg timestamp="20230620 19:00:07.886" level="INFO">POST Response : url=https://serverest.dev/usuarios 
 status=201, reason=Created 
 headers={'access-control-allow-origin': '*', 'x-dns-prefetch-control': 'off', 'x-frame-options': 'SAMEORIGIN', 'strict-transport-security': 'max-age=15552000; includeSubDomains', 'x-download-options': 'noopen', 'x-content-type-options': 'nosniff', 'x-xss-protection': '1; mode=block', 'x-moesif-transaction-id': 'ce5f04f5-4c3b-4207-89da-b3e268adad54', 'content-type': 'application/json; charset=utf-8', 'X-Cloud-Trace-Context': 'a0fcac195e082c89d10b539dd03312d4', 'Date': 'Tue, 20 Jun 2023 22:00:07 GMT', 'Server': 'Google Frontend', 'Content-Length': '82'} 
 body={
    "message": "Cadastro realizado com sucesso",
    "_id": "EfwProFVdBLTChej"
} 
 </msg>
<msg timestamp="20230620 19:00:07.886" level="INFO">C:\Users\Vicente\AppData\Local\Programs\Python\Python311\Lib\site-packages\urllib3\connectionpool.py:1095: InsecureRequestWarning: Unverified HTTPS request is being made to host 'serverest.dev'. Adding certificate verification is strongly advised. See: https://urllib3.readthedocs.io/en/latest/advanced-usage.html#tls-warnings
  warnings.warn(</msg>
<msg timestamp="20230620 19:00:07.887" level="INFO">${resposta} = &lt;Response [201]&gt;</msg>
<status status="PASS" starttime="20230620 19:00:07.450" endtime="20230620 19:00:07.887"/>
</kw>
<kw name="Log" library="BuiltIn">
<arg>${resposta.json()}</arg>
<doc>Logs the given message with the given level.</doc>
<msg timestamp="20230620 19:00:07.888" level="INFO">{'message': 'Cadastro realizado com sucesso', '_id': 'EfwProFVdBLTChej'}</msg>
<status status="PASS" starttime="20230620 19:00:07.888" endtime="20230620 19:00:07.888"/>
</kw>
<if>
<branch type="IF" condition="${resposta.status_code}==201">
<kw name="Set Test Variable" library="BuiltIn">
<arg>${ID_USUARIO}</arg>
<arg>${resposta.json()["_id"]}</arg>
<doc>Makes a variable available everywhere within the scope of the current test.</doc>
<msg timestamp="20230620 19:00:07.891" level="INFO">${ID_USUARIO} = EfwProFVdBLTChej</msg>
<status status="PASS" starttime="20230620 19:00:07.889" endtime="20230620 19:00:07.891"/>
</kw>
<status status="PASS" starttime="20230620 19:00:07.888" endtime="20230620 19:00:07.891"/>
</branch>
<status status="PASS" starttime="20230620 19:00:07.888" endtime="20230620 19:00:07.892"/>
</if>
<kw name="Set Test Variable" library="BuiltIn">
<arg>${RESPOSTA}</arg>
<arg>${resposta.json()}</arg>
<doc>Makes a variable available everywhere within the scope of the current test.</doc>
<msg timestamp="20230620 19:00:07.893" level="INFO">${RESPOSTA} = {'message': 'Cadastro realizado com sucesso', '_id': 'EfwProFVdBLTChej'}</msg>
<status status="PASS" starttime="20230620 19:00:07.892" endtime="20230620 19:00:07.893"/>
</kw>
<status status="PASS" starttime="20230620 19:00:07.444" endtime="20230620 19:00:07.893"/>
</kw>
<kw name="Consultar os dados do novo usuário" library="api_testing_usuarios">
<kw name="GET On Session" library="RequestsLibrary">
<var>${resposta_consulta}</var>
<arg>alias=ServeRest</arg>
<arg>url=/usuarios/${ID_USUARIO}</arg>
<doc>Sends a GET request on a previously created HTTP Session.</doc>
<msg timestamp="20230620 19:00:08.102" level="INFO">GET Request : url=https://serverest.dev/usuarios/EfwProFVdBLTChej 
 path_url=/usuarios/EfwProFVdBLTChej 
 headers={'User-Agent': 'python-requests/2.31.0', 'Accept-Encoding': 'gzip, deflate', 'accept': 'application/json', 'Connection': 'keep-alive', 'Content-Type': 'application/json'} 
 body=None 
 </msg>
<msg timestamp="20230620 19:00:08.102" level="INFO">GET Response : url=https://serverest.dev/usuarios/EfwProFVdBLTChej 
 status=200, reason=OK 
 headers={'access-control-allow-origin': '*', 'x-dns-prefetch-control': 'off', 'x-frame-options': 'SAMEORIGIN', 'strict-transport-security': 'max-age=15552000; includeSubDomains', 'x-download-options': 'noopen', 'x-content-type-options': 'nosniff', 'x-xss-protection': '1; mode=block', 'x-moesif-transaction-id': '13485406-249e-434f-aae8-90a99e114988', 'content-type': 'application/json; charset=utf-8', 'X-Cloud-Trace-Context': 'c678dcccf04dd7024b3fa0107940d1db', 'Date': 'Tue, 20 Jun 2023 22:00:08 GMT', 'Server': 'Google Frontend', 'Content-Length': '155'} 
 body={
    "nome": "Visconde da Silva",
    "email": "nuup@emailteste.com",
    "password": "1234",
    "administrador": "true",
    "_id": "EfwProFVdBLTChej"
} 
 </msg>
<msg timestamp="20230620 19:00:08.103" level="INFO">C:\Users\Vicente\AppData\Local\Programs\Python\Python311\Lib\site-packages\urllib3\connectionpool.py:1095: InsecureRequestWarning: Unverified HTTPS request is being made to host 'serverest.dev'. Adding certificate verification is strongly advised. See: https://urllib3.readthedocs.io/en/latest/advanced-usage.html#tls-warnings
  warnings.warn(</msg>
<msg timestamp="20230620 19:00:08.105" level="INFO">${resposta_consulta} = &lt;Response [200]&gt;</msg>
<status status="PASS" starttime="20230620 19:00:07.894" endtime="20230620 19:00:08.105"/>
</kw>
<kw name="Set Test Variable" library="BuiltIn">
<arg>${RESP_CONSULTA}</arg>
<arg>${resposta_consulta.json()}</arg>
<doc>Makes a variable available everywhere within the scope of the current test.</doc>
<msg timestamp="20230620 19:00:08.107" level="INFO">${RESP_CONSULTA} = {'nome': 'Visconde da Silva', 'email': 'nuup@emailteste.com', 'password': '1234', 'administrador': 'true', '_id': 'EfwProFVdBLTChej'}</msg>
<status status="PASS" starttime="20230620 19:00:08.105" endtime="20230620 19:00:08.107"/>
</kw>
<status status="PASS" starttime="20230620 19:00:07.893" endtime="20230620 19:00:08.107"/>
</kw>
<kw name="Conferir os dados retornados" library="api_testing_usuarios">
<kw name="Log" library="BuiltIn">
<arg>${RESP_CONSULTA}</arg>
<doc>Logs the given message with the given level.</doc>
<msg timestamp="20230620 19:00:08.108" level="INFO">{'nome': 'Visconde da Silva', 'email': 'nuup@emailteste.com', 'password': '1234', 'administrador': 'true', '_id': 'EfwProFVdBLTChej'}</msg>
<status status="PASS" starttime="20230620 19:00:08.108" endtime="20230620 19:00:08.108"/>
</kw>
<kw name="Dictionary Should Contain Item" library="Collections">
<arg>${RESP_CONSULTA}</arg>
<arg>nome</arg>
<arg>Visconde da Silva</arg>
<doc>An item of ``key`` / ``value`` must be found in a ``dictionary``.</doc>
<status status="PASS" starttime="20230620 19:00:08.108" endtime="20230620 19:00:08.108"/>
</kw>
<kw name="Dictionary Should Contain Item" library="Collections">
<arg>${RESP_CONSULTA}</arg>
<arg>email</arg>
<arg>${EMAIL_TESTE}</arg>
<doc>An item of ``key`` / ``value`` must be found in a ``dictionary``.</doc>
<status status="PASS" starttime="20230620 19:00:08.108" endtime="20230620 19:00:08.108"/>
</kw>
<kw name="Dictionary Should Contain Item" library="Collections">
<arg>${RESP_CONSULTA}</arg>
<arg>password</arg>
<arg>1234</arg>
<doc>An item of ``key`` / ``value`` must be found in a ``dictionary``.</doc>
<status status="PASS" starttime="20230620 19:00:08.108" endtime="20230620 19:00:08.109"/>
</kw>
<kw name="Dictionary Should Contain Item" library="Collections">
<arg>${RESP_CONSULTA}</arg>
<arg>administrador</arg>
<arg>true</arg>
<doc>An item of ``key`` / ``value`` must be found in a ``dictionary``.</doc>
<status status="PASS" starttime="20230620 19:00:08.109" endtime="20230620 19:00:08.109"/>
</kw>
<kw name="Dictionary Should Contain Item" library="Collections">
<arg>${RESP_CONSULTA}</arg>
<arg>_id</arg>
<arg>${ID_USUARIO}</arg>
<doc>An item of ``key`` / ``value`` must be found in a ``dictionary``.</doc>
<status status="PASS" starttime="20230620 19:00:08.109" endtime="20230620 19:00:08.109"/>
</kw>
<status status="PASS" starttime="20230620 19:00:08.107" endtime="20230620 19:00:08.109"/>
</kw>
<status status="PASS" starttime="20230620 19:00:07.438" endtime="20230620 19:00:08.110"/>
</test>
<status status="PASS" starttime="20230620 19:00:05.877" endtime="20230620 19:00:08.115"/>
</suite>
<status status="PASS" starttime="20230620 19:00:05.855" endtime="20230620 19:00:08.120"/>
</suite>
<statistics>
<total>
<stat pass="3" fail="0" skip="0">All Tests</stat>
</total>
<tag>
</tag>
<suite>
<stat pass="3" fail="0" skip="0" id="s1" name="Tests">Tests</stat>
<stat pass="3" fail="0" skip="0" id="s1-s1" name="Api Testing Usuarios">Tests.Api Testing Usuarios</stat>
</suite>
</statistics>
<errors>
</errors>
</robot>
